<?xml version="1.0" encoding="UTF-8"?>
<testsuite xmlns:xsi="http://www.w3.org/2001/XMLSchema-instance" xsi:noNamespaceSchemaLocation="https://maven.apache.org/surefire/maven-surefire-plugin/xsd/surefire-test-report-3.0.xsd" version="3.0" name="ua.edu.ucu.apps.lab7.Lab7ApplicationTests" time="1.242" tests="1" errors="0" skipped="0" failures="0">
  <properties>
[...]
</properties>
  <testcase name="contextLoads" classname="ua.edu.ucu.apps.lab7.Lab7ApplicationTests" time="0.485">
    <system-out><![CDATA[12:54:50.176 [main] INFO org.springframework.test.context.support.AnnotationConfigContextLoaderUtils -- Could not detect default configuration classes for test class [ua.edu.ucu.apps.lab7.Lab7ApplicationTests]: Lab7ApplicationTests does not declare any static, non-private, non-final, nested classes annotated with @Configuration.
12:54:50.220 [main] INFO org.springframework.boot.test.context.SpringBootTestContextBootstrapper -- Found @SpringBootConfiguration ua.edu.ucu.apps.lab7.Lab7Application for test class ua.edu.ucu.apps.lab7.Lab7ApplicationTests

  .   ____          _            __ _ _
 /\\ / ___'_ __ _ _(_)_ __  __ _ \ \ \ \
( ( )\___ | '_ | '_| | '_ \/ _` | \ \ \ \
 \\/  ___)| |_)| | | | | || (_| |  ) ) ) )
  '  |____| .__|_| |_|_| |_\__, | / / / /
 =========|_|==============|___/=/_/_/_/
 :: Spring Boot ::                (v3.1.4)

2023-10-23T12:54:50.380+03:00  INFO 23180 --- [           main] u.e.ucu.apps.lab7.Lab7ApplicationTests   : Starting Lab7ApplicationTests using Java 20.0.2 with PID 23180 (started by ksushakretsula in /Users/ksushakretsula/Documents/Year_2/OOP/lab7)
2023-10-23T12:54:50.380+03:00  INFO 23180 --- [           main] u.e.ucu.apps.lab7.Lab7ApplicationTests   : No active profile set, falling back to 1 default profile: "default"
2023-10-23T12:54:50.838+03:00  INFO 23180 --- [           main] u.e.ucu.apps.lab7.Lab7ApplicationTests   : Started Lab7ApplicationTests in 0.562 seconds (process running for 0.984)
]]></system-out>
  </testcase>
</testsuite>